<?xml version="1.0" encoding="UTF-8"?>
<!-- Generated by org.testng.reporters.JUnitReportReporter -->
<testsuite hostname="Gaurav-PC" failures="0" tests="3" name="testPackage.testClass" time="0.030" errors="0" timestamp="23 Dec 2019 09:12:11 GMT" skipped="0">
  <testcase classname="testPackage.testClass" name="test" time="0.024"/>
  <testcase classname="testPackage.testClass" name="arraySum" time="0.004"/>
  <testcase classname="testPackage.testClass" name="add" time="0.002"/>
</testsuite> <!-- testPackage.testClass -->
